\BOOKMARK [0][-]{chapter.1}{\376\377\0001\000\040\000H\000i\000e\000r\000a\000r\000c\000h\000i\000c\000a\000l\000\040\000I\000n\000d\000e\000x}{}% 1
\BOOKMARK [1][-]{section.1.1}{\376\377\0001\000.\0001\000\040\000C\000l\000a\000s\000s\000\040\000H\000i\000e\000r\000a\000r\000c\000h\000y}{chapter.1}% 2
\BOOKMARK [0][-]{chapter.2}{\376\377\0002\000\040\000C\000l\000a\000s\000s\000\040\000I\000n\000d\000e\000x}{}% 3
\BOOKMARK [1][-]{section.2.1}{\376\377\0002\000.\0001\000\040\000C\000l\000a\000s\000s\000\040\000L\000i\000s\000t}{chapter.2}% 4
\BOOKMARK [0][-]{chapter.3}{\376\377\0003\000\040\000C\000l\000a\000s\000s\000\040\000D\000o\000c\000u\000m\000e\000n\000t\000a\000t\000i\000o\000n}{}% 5
\BOOKMARK [1][-]{section.3.1}{\376\377\0003\000.\0001\000\040\000c\000o\000m\000.\000c\000h\000o\000p\000i\000n\000.\000M\000a\000i\000n\000A\000c\000t\000i\000v\000i\000t\000y\000\040\000C\000l\000a\000s\000s\000\040\000R\000e\000f\000e\000r\000e\000n\000c\000e}{chapter.3}% 6
\BOOKMARK [2][-]{subsection.3.1.1}{\376\377\0003\000.\0001\000.\0001\000\040\000M\000e\000m\000b\000e\000r\000\040\000F\000u\000n\000c\000t\000i\000o\000n\000\040\000D\000o\000c\000u\000m\000e\000n\000t\000a\000t\000i\000o\000n}{section.3.1}% 7
\BOOKMARK [3][-]{subsubsection.3.1.1.1}{\376\377\0003\000.\0001\000.\0001\000.\0001\000\040\000o\000n\000C\000r\000e\000a\000t\000e}{subsection.3.1.1}% 8
\BOOKMARK [3][-]{subsubsection.3.1.1.2}{\376\377\0003\000.\0001\000.\0001\000.\0002\000\040\000o\000n\000C\000r\000e\000a\000t\000e\000O\000p\000t\000i\000o\000n\000s\000M\000e\000n\000u}{subsection.3.1.1}% 9
\BOOKMARK [3][-]{subsubsection.3.1.1.3}{\376\377\0003\000.\0001\000.\0001\000.\0003\000\040\000o\000n\000D\000o\000u\000b\000l\000e\000T\000a\000p}{subsection.3.1.1}% 10
\BOOKMARK [3][-]{subsubsection.3.1.1.4}{\376\377\0003\000.\0001\000.\0001\000.\0004\000\040\000o\000n\000D\000o\000u\000b\000l\000e\000T\000a\000p\000E\000v\000e\000n\000t}{subsection.3.1.1}% 11
\BOOKMARK [3][-]{subsubsection.3.1.1.5}{\376\377\0003\000.\0001\000.\0001\000.\0005\000\040\000o\000n\000D\000o\000w\000n}{subsection.3.1.1}% 12
\BOOKMARK [3][-]{subsubsection.3.1.1.6}{\376\377\0003\000.\0001\000.\0001\000.\0006\000\040\000o\000n\000F\000l\000i\000n\000g}{subsection.3.1.1}% 13
\BOOKMARK [3][-]{subsubsection.3.1.1.7}{\376\377\0003\000.\0001\000.\0001\000.\0007\000\040\000o\000n\000L\000o\000n\000g\000P\000r\000e\000s\000s}{subsection.3.1.1}% 14
\BOOKMARK [3][-]{subsubsection.3.1.1.8}{\376\377\0003\000.\0001\000.\0001\000.\0008\000\040\000o\000n\000O\000p\000t\000i\000o\000n\000s\000I\000t\000e\000m\000S\000e\000l\000e\000c\000t\000e\000d}{subsection.3.1.1}% 15
\BOOKMARK [3][-]{subsubsection.3.1.1.9}{\376\377\0003\000.\0001\000.\0001\000.\0009\000\040\000o\000n\000S\000c\000r\000o\000l\000l}{subsection.3.1.1}% 16
\BOOKMARK [3][-]{subsubsection.3.1.1.10}{\376\377\0003\000.\0001\000.\0001\000.\0001\0000\000\040\000o\000n\000S\000h\000o\000w\000P\000r\000e\000s\000s}{subsection.3.1.1}% 17
\BOOKMARK [3][-]{subsubsection.3.1.1.11}{\376\377\0003\000.\0001\000.\0001\000.\0001\0001\000\040\000o\000n\000S\000i\000n\000g\000l\000e\000T\000a\000p\000C\000o\000n\000f\000i\000r\000m\000e\000d}{subsection.3.1.1}% 18
\BOOKMARK [3][-]{subsubsection.3.1.1.12}{\376\377\0003\000.\0001\000.\0001\000.\0001\0002\000\040\000o\000n\000S\000i\000n\000g\000l\000e\000T\000a\000p\000U\000p}{subsection.3.1.1}% 19
\BOOKMARK [3][-]{subsubsection.3.1.1.13}{\376\377\0003\000.\0001\000.\0001\000.\0001\0003\000\040\000o\000n\000T\000o\000u\000c\000h\000E\000v\000e\000n\000t}{subsection.3.1.1}% 20
\BOOKMARK [3][-]{subsubsection.3.1.1.14}{\376\377\0003\000.\0001\000.\0001\000.\0001\0004\000\040\000s\000o\000n\000g\000P\000i\000c\000k\000e\000d}{subsection.3.1.1}% 21
\BOOKMARK [1][-]{section.3.2}{\376\377\0003\000.\0002\000\040\000c\000o\000m\000.\000c\000h\000o\000p\000i\000n\000.\000M\000u\000s\000i\000c\000S\000e\000r\000v\000i\000c\000e\000.\000M\000u\000s\000i\000c\000B\000i\000n\000d\000e\000r\000\040\000C\000l\000a\000s\000s\000\040\000R\000e\000f\000e\000r\000e\000n\000c\000e}{chapter.3}% 22
\BOOKMARK [1][-]{section.3.3}{\376\377\0003\000.\0003\000\040\000c\000o\000m\000.\000c\000h\000o\000p\000i\000n\000.\000M\000u\000s\000i\000c\000C\000o\000n\000t\000r\000o\000l\000l\000e\000r\000\040\000C\000l\000a\000s\000s\000\040\000R\000e\000f\000e\000r\000e\000n\000c\000e}{chapter.3}% 23
\BOOKMARK [2][-]{subsection.3.3.1}{\376\377\0003\000.\0003\000.\0001\000\040\000D\000e\000t\000a\000i\000l\000e\000d\000\040\000D\000e\000s\000c\000r\000i\000p\000t\000i\000o\000n}{section.3.3}% 24
\BOOKMARK [1][-]{section.3.4}{\376\377\0003\000.\0004\000\040\000c\000o\000m\000.\000c\000h\000o\000p\000i\000n\000.\000M\000u\000s\000i\000c\000S\000e\000r\000v\000i\000c\000e\000\040\000C\000l\000a\000s\000s\000\040\000R\000e\000f\000e\000r\000e\000n\000c\000e}{chapter.3}% 25
\BOOKMARK [2][-]{subsection.3.4.1}{\376\377\0003\000.\0004\000.\0001\000\040\000D\000e\000t\000a\000i\000l\000e\000d\000\040\000D\000e\000s\000c\000r\000i\000p\000t\000i\000o\000n}{section.3.4}% 26
\BOOKMARK [1][-]{section.3.5}{\376\377\0003\000.\0005\000\040\000c\000o\000m\000.\000c\000h\000o\000p\000i\000n\000.\000S\000i\000m\000p\000l\000e\000G\000e\000s\000t\000u\000r\000e\000F\000i\000l\000t\000e\000r\000\040\000C\000l\000a\000s\000s\000\040\000R\000e\000f\000e\000r\000e\000n\000c\000e}{chapter.3}% 27
\BOOKMARK [2][-]{subsection.3.5.1}{\376\377\0003\000.\0005\000.\0001\000\040\000D\000e\000t\000a\000i\000l\000e\000d\000\040\000D\000e\000s\000c\000r\000i\000p\000t\000i\000o\000n}{section.3.5}% 28
\BOOKMARK [1][-]{section.3.6}{\376\377\0003\000.\0006\000\040\000c\000o\000m\000.\000c\000h\000o\000p\000i\000n\000.\000S\000o\000n\000g\000\040\000C\000l\000a\000s\000s\000\040\000R\000e\000f\000e\000r\000e\000n\000c\000e}{chapter.3}% 29
\BOOKMARK [2][-]{subsection.3.6.1}{\376\377\0003\000.\0006\000.\0001\000\040\000D\000e\000t\000a\000i\000l\000e\000d\000\040\000D\000e\000s\000c\000r\000i\000p\000t\000i\000o\000n}{section.3.6}% 30
\BOOKMARK [1][-]{section.3.7}{\376\377\0003\000.\0007\000\040\000c\000o\000m\000.\000c\000h\000o\000p\000i\000n\000.\000S\000o\000n\000g\000A\000d\000a\000p\000t\000e\000r\000\040\000C\000l\000a\000s\000s\000\040\000R\000e\000f\000e\000r\000e\000n\000c\000e}{chapter.3}% 31
\BOOKMARK [2][-]{subsection.3.7.1}{\376\377\0003\000.\0007\000.\0001\000\040\000D\000e\000t\000a\000i\000l\000e\000d\000\040\000D\000e\000s\000c\000r\000i\000p\000t\000i\000o\000n}{section.3.7}% 32
\BOOKMARK [0][-]{section*.12}{\376\377\000I\000n\000d\000e\000x}{}% 33
